<?xml version="1.0" encoding="UTF-8"?>
<!-- Generated by org.testng.reporters.JUnitXMLReporter -->
<testsuite ignored="1" hostname="DESKTOP-BE28GOO" failures="0" tests="1" name="validate title of Authentication Page" time="15.178" errors="0" timestamp="2022-02-18T20:04:47 IST">
  <testcase classname="com.automation.practice.Testpages.Authentication_LoginTest" name="validateTitle" time="0.011"/>
  <testcase classname="com.automation.practice.Testpages.Authentication_LoginTest" name="login" time="0.0">
    <ignored/>
  </testcase> <!-- login -->
</testsuite> <!-- validate title of Authentication Page -->
